\BOOKMARK [0][-]{chapter*.3}{Κατάλογος Σχημάτων}{}% 1
\BOOKMARK [0][-]{chapter*.4}{Κατάλογος Πινάκων}{}% 2
\BOOKMARK [0][-]{chapter*.4}{Πρόλογος}{}% 3
\BOOKMARK [0][-]{chapter.1}{Σύστημα και ενσωματωμένα συστήματα}{}% 4
\BOOKMARK [1][-]{section.1.1}{Εισαγωγή στις έννοιες συστημάτων και ενσωματωμένων}{chapter.1}% 5
\BOOKMARK [1][-]{section.1.2}{Η εξέλιξη των συστημάτων σήμερα}{chapter.1}% 6
\BOOKMARK [0][-]{chapter.2}{Μοντελοποίηση συστημάτων}{}% 7
\BOOKMARK [1][-]{section.2.1}{Εισαγωγή}{chapter.2}% 8
\BOOKMARK [1][-]{section.2.2}{Γραφική μοντελοποίηση συστημάτων}{chapter.2}% 9
\BOOKMARK [1][-]{section.2.3}{Μοντελοποίση και εφαρμογή σε πεδία ευρύτερα από του μηχανικού}{chapter.2}% 10
\BOOKMARK [2][-]{subsection.2.3.1}{Χρησιμοποίηση μοντέλων  για τον στρατηγικό σχεδιασμό της απόθεσης πυρηνικών αποβλήτων.}{section.2.3}% 11
\BOOKMARK [0][-]{chapter.3}{Μεθοδολογίες μοντελοποίησης συστημάτων}{}% 12
\BOOKMARK [1][-]{section.3.1}{Ακμάζουσες MBSE μεθοδολογίες}{chapter.3}% 13
\BOOKMARK [2][-]{subsection.3.1.1}{IBM\040Telelogic\040Harmony-SE}{section.3.1}% 14
\BOOKMARK [2][-]{subsection.3.1.2}{INCOSE\040Object-Oriented\040Systems\040Engineering\040Method\040\(OOSEM\)}{section.3.1}% 15
\BOOKMARK [2][-]{subsection.3.1.3}{IBM\040Rational\040Unified\040Process\040for\040Systems\040Engineering\040\(RUP\040SE\)\040for\040Model-Driven\040Systems\040Development\040\(MDSD\)}{section.3.1}% 16
\BOOKMARK [2][-]{subsection.3.1.4}{Vitech\040Model-Based\040System\040Engineering\040\(MBSE\)\040Methodology}{section.3.1}% 17
\BOOKMARK [2][-]{subsection.3.1.5}{JPL\040State\040Analysis\040\(SA\)}{section.3.1}% 18
\BOOKMARK [2][-]{subsection.3.1.6}{Dori\040Object-Process\040Methodology\040\(OPM\)}{section.3.1}% 19
\BOOKMARK [2][-]{subsection.3.1.7}{Department\040of\040Defense\040Architecture\040Framework\040\(DoDAF\)}{section.3.1}% 20
\BOOKMARK [0][-]{chapter.4}{Γλώσσες μοντελοποίησης συστημάτων}{}% 21
\BOOKMARK [1][-]{section.4.1}{AADL}{chapter.4}% 22
\BOOKMARK [1][-]{section.4.2}{MARTE}{chapter.4}% 23
\BOOKMARK [1][-]{section.4.3}{UPDM}{chapter.4}% 24
\BOOKMARK [1][-]{section.4.4}{AML}{chapter.4}% 25
\BOOKMARK [1][-]{section.4.5}{SLM}{chapter.4}% 26
\BOOKMARK [1][-]{section.4.6}{SLDL}{chapter.4}% 27
\BOOKMARK [1][-]{section.4.7}{Unified\040Modeling\040Language\040-\040UML}{chapter.4}% 28
\BOOKMARK [1][-]{section.4.8}{Systems\040Engineering\040Modelling\040Language\040-\040SysML}{chapter.4}% 29
\BOOKMARK [0][-]{chapter.5}{Γλώσσα SyML}{}% 30
\BOOKMARK [1][-]{section.5.1}{Εισαγωγή}{chapter.5}% 31
\BOOKMARK [1][-]{section.5.2}{Παρουσίαση διαγραμμάτων APracticalGuideToSysML}{chapter.5}% 32
\BOOKMARK [1][-]{section.5.3}{Λογισμικό υποστήριξης}{chapter.5}% 33
\BOOKMARK [0][-]{chapter.6}{Πρώτο πεδίο εφαρμογής : MPS®System}{}% 34
\BOOKMARK [1][-]{section.6.1}{Παρουσίαση του συστήματος}{chapter.6}% 35
\BOOKMARK [2][-]{subsection.6.1.1}{Σταθμός διανομής FestoMPSDistributionStationManual ΤοΦυσικόΣύστημαFestoMPS UMLΕνσωματωμέναΣυστήματα}{section.6.1}% 36
\BOOKMARK [2][-]{subsection.6.1.2}{Σταθμός ελέγχου FestoMPSTestingStationManual ΤοΦυσικόΣύστημαFestoMPS UMLΕνσωματωμέναΣυστήματα}{section.6.1}% 37
\BOOKMARK [2][-]{subsection.6.1.3}{Σταθμός επεξεργασίας FestoMPSProcessingStationManual ΤοΦυσικόΣύστημαFestoMPS UMLΕνσωματωμέναΣυστήματα}{section.6.1}% 38
\BOOKMARK [2][-]{subsection.6.1.4}{Σταθμός αποθήκευσης FestoMPSHandlingStationManual ΤοΦυσικόΣύστημαFestoMPS UMLΕνσωματωμέναΣυστήματα}{section.6.1}% 39
\BOOKMARK [1][-]{section.6.2}{Μοντελοποίηση του συστήματος}{chapter.6}% 40
\BOOKMARK [2][-]{subsection.6.2.1}{Μοντέλο Σύλληψης - Conception Model}{section.6.2}% 41
\BOOKMARK [2][-]{subsection.6.2.2}{Μοντέλο Ανάλυσης - Analysis Model}{section.6.2}% 42
\BOOKMARK [2][-]{subsection.6.2.3}{Μοντέλο Υλοποίησης - Implementation Model}{section.6.2}% 43
\BOOKMARK [2][-]{subsection.6.2.4}{Μοντέλο Συστήματος Ελέγχου}{section.6.2}% 44
\BOOKMARK [1][-]{section.6.3}{Έλεγχος του συστήματος ελέγχου του Festo MPS}{chapter.6}% 45
\BOOKMARK [0][-]{chapter.7}{Δεύτερο πεδίο εφαρμογής : Takos System}{}% 46
\BOOKMARK [0][-]{chapter.8}{Συμπεράσματα}{}% 47
\BOOKMARK [1][-]{section.8.1}{Συμφωνούμε με τα παρακάτω}{chapter.8}% 48
\BOOKMARK [0][-]{chapter.9}{Συσχετιζόμενες εργασίες}{}% 49
\BOOKMARK [1][-]{section.9.1}{Σχεδίαση βάση εξομείωσης}{chapter.9}% 50
\BOOKMARK [1][-]{section.9.2}{SoC,\040SysML\040and\040SystemC}{chapter.9}% 51
\BOOKMARK [1][-]{section.9.3}{The\040processing\040system\040paradigm}{chapter.9}% 52
\BOOKMARK [0][-]{chapter.10}{Προοπτικές}{}% 53
\BOOKMARK [0][-]{section*.103}{Παραρτήματα}{}% 54
\BOOKMARK [0][-]{Παράρτημα.alph1.Alph1}{Festo MPS®System}{}% 55
\BOOKMARK [1][-]{section.alph1.Alph1.1}{Μοντέλο Σύλληψης - Conception Model}{Παράρτημα.alph1.Alph1}% 56
\BOOKMARK [2][-]{subsection.alph1.Alph1.1.1}{Χώρος υλοποίησης συστήματος - Contex}{section.alph1.Alph1.1}% 57
\BOOKMARK [2][-]{subsection.alph1.Alph1.1.2}{Πακέτο απαιτήσεων - Requirements package}{section.alph1.Alph1.1}% 58
\BOOKMARK [2][-]{subsection.alph1.Alph1.1.3}{Πακέτο δομής - Structure package}{section.alph1.Alph1.1}% 59
\BOOKMARK [2][-]{subsection.alph1.Alph1.1.4}{Πακέτο λειτουργίας - Behaviour package}{section.alph1.Alph1.1}% 60
\BOOKMARK [1][-]{section.alph1.Alph1.2}{Μοντέλο Ανάλυσης - Analysis Model}{Παράρτημα.alph1.Alph1}% 61
\BOOKMARK [2][-]{subsection.alph1.Alph1.2.1}{Χώρος υλοποίησης συστήματος - Contex}{section.alph1.Alph1.2}% 62
\BOOKMARK [2][-]{subsection.alph1.Alph1.2.2}{Πακέτο απαιτήσεων - Requirements package}{section.alph1.Alph1.2}% 63
\BOOKMARK [2][-]{subsection.alph1.Alph1.2.3}{Πακέτο δομής - Structure package}{section.alph1.Alph1.2}% 64
\BOOKMARK [2][-]{subsection.alph1.Alph1.2.4}{Πακέτο λειτουργίας - Behaviour package}{section.alph1.Alph1.2}% 65
\BOOKMARK [1][-]{section.alph1.Alph1.3}{Μοντέλο Υλοποίησης -Design Model}{Παράρτημα.alph1.Alph1}% 66
\BOOKMARK [2][-]{subsection.alph1.Alph1.3.1}{Χώρος υλοποίησης συστήματος - Contex}{section.alph1.Alph1.3}% 67
\BOOKMARK [2][-]{subsection.alph1.Alph1.3.2}{Πακέτο απαιτήσεων - Requirements package}{section.alph1.Alph1.3}% 68
\BOOKMARK [2][-]{subsection.alph1.Alph1.3.3}{Πακέτο δομής - Structure package}{section.alph1.Alph1.3}% 69
\BOOKMARK [2][-]{subsection.alph1.Alph1.3.4}{Πακέτο λειτουργίας - Behaviour package}{section.alph1.Alph1.3}% 70
\BOOKMARK [1][-]{section.alph1.Alph1.4}{Εξομοιωτής Festo MPS®}{Παράρτημα.alph1.Alph1}% 71
\BOOKMARK [0][-]{Παράρτημα.alph1.Alph2}{Takos\040System}{}% 72
\BOOKMARK [1][-]{section.alph1.Alph2.1}{Takos\0401}{Παράρτημα.alph1.Alph2}% 73
\BOOKMARK [2][-]{subsection.alph1.Alph2.1.1}{Takos\0401.1}{section.alph1.Alph2.1}% 74
\BOOKMARK [0][-]{section*.110}{Ελληνόγλωσση Βιβλιογραφία}{}% 75
\BOOKMARK [0][-]{section*.112}{Ξενόγλωσση Βιβλιογραφία}{}% 76
\BOOKMARK [0][-]{section*.114}{Γλωσσάρι}{}% 77
\BOOKMARK [0][-]{section*.116}{Συντομογραφίες}{}% 78
\BOOKMARK [0][-]{section*.118}{Λεξικό αγγλικών όρων}{}% 79
\BOOKMARK [0][-]{section*.120}{Ευρετήριο}{}% 80
